<?xml version="1.0" encoding="UTF-8"?>
<!-- Generated by org.testng.reporters.JUnitReportReporter -->
<testsuite hostname="LAP-10" name="practise.tutorial.TestngTutori" tests="2" failures="0" timestamp="4 Feb 2020 05:37:14 GMT" time="11.087" errors="0">
  <testcase name="second" time="0.018" classname="practise.tutorial.TestngTutori"/>
  <testcase name="first" time="11.069" classname="practise.tutorial.TestngTutori"/>
</testsuite> <!-- practise.tutorial.TestngTutori -->
