<?xml version="1.0" encoding="UTF-8"?>
<!-- Generated by org.testng.reporters.JUnitReportReporter -->
<testsuite hostname="LAP-10" name="practise.tutorial.Excel" tests="1" failures="0" timestamp="3 Feb 2020 11:42:53 GMT" time="0.927" errors="0">
  <testcase name="Data" time="0.927" classname="practise.tutorial.Excel"/>
</testsuite> <!-- practise.tutorial.Excel -->
