<?xml version="1.0" encoding="UTF-8"?>
<!-- Generated by org.testng.reporters.JUnitReportReporter -->
<testsuite hostname="LAP-10" name="practise.tutorial.AppTest" tests="1" failures="0" timestamp="7 Feb 2020 11:02:57 GMT" time="0.093" errors="0">
  <testcase name="testApp" time="0.093" classname="practise.tutorial.AppTest"/>
</testsuite> <!-- practise.tutorial.AppTest -->
